0 verbose cli C:\Program Files\nodejs\node.exe C:\Program Files\nodejs\node_modules\npm\bin\npm-cli.js
1 info using npm@10.8.1
2 info using node@v22.3.0
3 silly config load:file:C:\Program Files\nodejs\node_modules\npm\npmrc
4 silly config load:file:E:\Saad Rehman-GitHub\DevOps-WebApp\.npmrc
5 silly config load:file:C:\Users\saadr\.npmrc
6 silly config load:file:C:\Users\saadr\AppData\Roaming\npm\etc\npmrc
7 verbose title npm list tailwindcss
8 verbose argv "list" "tailwindcss"
9 verbose logfile logs-max:10 dir:E:\Saad Rehman-GitHub\DevOps-WebApp\%APPDATA%\npm-cache\_logs\2024-10-11T22_42_41_418Z-
10 verbose logfile E:\Saad Rehman-GitHub\DevOps-WebApp\%APPDATA%\npm-cache\_logs\2024-10-11T22_42_41_418Z-debug-0.log
11 silly packumentCache heap:4345298944 maxSize:1086324736 maxEntrySize:543162368
12 silly logfile start cleaning logs, removing 1 files
13 silly logfile done cleaning log files
14 verbose cwd E:\Saad Rehman-GitHub\DevOps-WebApp
15 verbose os Windows_NT 10.0.22631
16 verbose node v22.3.0
17 verbose npm  v10.8.1
18 verbose exit 0
19 info ok
